2021-05-28 21:10:44 +0000  Initial pipeline context: <IDEDistributionProcessingPipelineContext: 0x7fda2c9e8120; archive(resolved)='<IDEArchive: 0x7fda2a3fa470>', distributionTask(resolved)='2', distributionDestination(resolved)='2', distributionMethod(resolved)='<IDEDistributionMethodiOSAppStoreDistribution: 0x7fda28b08720>', team(resolved)='<IDEProvisioningDisambiguatableBasicTeam: 0x7fda27356840; teamID='F8993Q6N82', teamName='Mathias Halen', teamType='Individual', username='matte_halen@hotmail.com', isFreeProvisioningTeam='0'>'>
	Chain (13, self inclusive):
	<IDEDistributionProcessingPipelineContext: 0x7fda2c9e8120; archive = '<IDEArchive: 0x7fda2a3fa470>', distributionMethod='<IDEDistributionMethodiOSAppStoreDistribution: 0x7fda28b08720>', team='<IDEProvisioningDisambiguatableBasicTeam: 0x7fda27356840; teamID='F8993Q6N82', teamName='Mathias Halen', teamType='Individual', username='matte_halen@hotmail.com', isFreeProvisioningTeam='0'>'>
	<IDEDistributionProcessingPipelineContext: 0x7fda2e420450; archive = '<IDEArchive: 0x7fda2a3fa470>', distributionMethod='<IDEDistributionMethodiOSAppStoreDistribution: 0x7fda28b08720>', team='<IDEProvisioningDisambiguatableBasicTeam: 0x7fda27356840; teamID='F8993Q6N82', teamName='Mathias Halen', teamType='Individual', username='matte_halen@hotmail.com', isFreeProvisioningTeam='0'>'>
	<IDEDistributionContext: 0x7fda2c9df090; archive = '<IDEArchive: 0x7fda2a3fa470>', distributionMethod='<IDEDistributionMethodiOSAppStoreDistribution: 0x7fda28b08720>', team='<IDEProvisioningDisambiguatableBasicTeam: 0x7fda27356840; teamID='F8993Q6N82', teamName='Mathias Halen', teamType='Individual', username='matte_halen@hotmail.com', isFreeProvisioningTeam='0'>'>
	<IDEDistributionContext: 0x7fda2e394780; archive = '<IDEArchive: 0x7fda2a3fa470>', distributionMethod='<IDEDistributionMethodiOSAppStoreDistribution: 0x7fda28b08720>', team='<IDEProvisioningDisambiguatableBasicTeam: 0x7fda27356840; teamID='F8993Q6N82', teamName='Mathias Halen', teamType='Individual', username='matte_halen@hotmail.com', isFreeProvisioningTeam='0'>'>
	<IDEDistributionContext: 0x7fda2a73d9b0; archive = '<IDEArchive: 0x7fda2a3fa470>', distributionMethod='<IDEDistributionMethodiOSAppStoreDistribution: 0x7fda28b08720>', team='<IDEProvisioningDisambiguatableBasicTeam: 0x7fda27356840; teamID='F8993Q6N82', teamName='Mathias Halen', teamType='Individual', username='matte_halen@hotmail.com', isFreeProvisioningTeam='0'>'>
	<IDEDistributionContext: 0x7fda2df715d0; archive = '<IDEArchive: 0x7fda2a3fa470>', distributionMethod='<IDEDistributionMethodiOSAppStoreDistribution: 0x7fda28b08720>', team='<IDEProvisioningDisambiguatableBasicTeam: 0x7fda27356840; teamID='F8993Q6N82', teamName='Mathias Halen', teamType='Individual', username='matte_halen@hotmail.com', isFreeProvisioningTeam='0'>'>
	<IDEDistributionContext: 0x7fda28a28620; archive = '<IDEArchive: 0x7fda2a3fa470>', distributionMethod='<IDEDistributionMethodiOSAppStoreDistribution: 0x7fda28b08720>', team='<IDEProvisioningDisambiguatableBasicTeam: 0x7fda27356840; teamID='F8993Q6N82', teamName='Mathias Halen', teamType='Individual', username='matte_halen@hotmail.com', isFreeProvisioningTeam='0'>'>
	<IDEDistributionContext: 0x7fda2a72c210; archive = '<IDEArchive: 0x7fda2a3fa470>', distributionMethod='<IDEDistributionMethodiOSAppStoreDistribution: 0x7fda28b08720>', team='<IDEProvisioningDisambiguatableBasicTeam: 0x7fda27356840; teamID='F8993Q6N82', teamName='Mathias Halen', teamType='Individual', username='matte_halen@hotmail.com', isFreeProvisioningTeam='0'>'>
	<IDEDistributionContext: 0x7fda2e4e8d60; archive = '<IDEArchive: 0x7fda2a3fa470>', distributionMethod='<IDEDistributionMethodiOSAppStoreDistribution: 0x7fda28b08720>', team='<IDEProvisioningDisambiguatableBasicTeam: 0x7fda27356840; teamID='F8993Q6N82', teamName='Mathias Halen', teamType='Individual', username='matte_halen@hotmail.com', isFreeProvisioningTeam='0'>'>
	<IDEDistributionContext: 0x7fda2df430f0; archive = '<IDEArchive: 0x7fda2a3fa470>', distributionMethod='<IDEDistributionMethodiOSAppStoreDistribution: 0x7fda28b08720>', team='<IDEProvisioningDisambiguatableBasicTeam: 0x7fda27356840; teamID='F8993Q6N82', teamName='Mathias Halen', teamType='Individual', username='matte_halen@hotmail.com', isFreeProvisioningTeam='0'>'>
	<IDEDistributionContext: 0x7fda2dff7cc0; archive = '<IDEArchive: 0x7fda2a3fa470>', distributionMethod='<IDEDistributionMethodiOSAppStoreDistribution: 0x7fda28b08720>', team='(null)'>
	<IDEDistributionContext: 0x7fda2c9d09b0; archive = '<IDEArchive: 0x7fda2a3fa470>', distributionMethod='<IDEDistributionMethodiOSAppStoreDistribution: 0x7fda28b08720>', team='(null)'>
	<IDEDistributionContext: 0x7fda26441d00; archive = '<IDEArchive: 0x7fda2a3fa470>', distributionMethod='(null)', team='(null)'>
</IDEDistributionProcessingPipelineContext: 0x7fda2c9e8120>
2021-05-28 21:10:44 +0000  Processing step: IDEDistributionCreateDestRootStep
2021-05-28 21:10:44 +0000  Processing step: IDEDistributionCopyItemStep
2021-05-28 21:10:44 +0000  Running /usr/bin/ditto '-V' '/Users/mathiashalen/Library/Developer/Xcode/Archives/2021-05-28/Scheduled-countdown 2021-05-28, 22.59.xcarchive/Products/Applications/Scheduled-countdown.app' '/var/folders/xp/103sbrw948x42f7ym9z694l40000gn/T/XcodeDistPipeline.~~~Kqf5wr/Root/Payload/Scheduled-countdown.app'
2021-05-28 21:10:44 +0000  >>> Copying /Users/mathiashalen/Library/Developer/Xcode/Archives/2021-05-28/Scheduled-countdown 2021-05-28, 22.59.xcarchive/Products/Applications/Scheduled-countdown.app 
2021-05-28 21:10:44 +0000  
2021-05-28 21:10:44 +0000  copying file ./_CodeSignature/CodeResources ... 
2021-05-28 21:10:44 +0000  4064 bytes for ./_CodeSignature/CodeResources
2021-05-28 21:10:44 +0000  copying file ./Settings.bundle/en.lproj/Root.strings ... 
2021-05-28 21:10:44 +0000  546 bytes for ./Settings.bundle/en.lproj/Root.strings
2021-05-28 21:10:44 +0000  copying file ./Settings.bundle/Root.plist ... 
2021-05-28 21:10:44 +0000  1042 bytes for ./Settings.bundle/Root.plist
2021-05-28 21:10:44 +0000  copying file ./AppIcon60x60@2x.png ... 
2021-05-28 21:10:44 +0000  17133 bytes for ./AppIcon60x60@2x.png
2021-05-28 21:10:44 +0000  copying file ./Base.lproj/LaunchScreen.storyboardc/01J-lp-oVM-view-Ze5-6b-2t3.nib ... 
2021-05-28 21:10:44 +0000  1197 bytes for ./Base.lproj/LaunchScreen.storyboardc/01J-lp-oVM-view-Ze5-6b-2t3.nib
2021-05-28 21:10:44 +0000  copying file ./Base.lproj/LaunchScreen.storyboardc/UIViewController-01J-lp-oVM.nib ... 
2021-05-28 21:10:44 +0000  896 bytes for ./Base.lproj/LaunchScreen.storyboardc/UIViewController-01J-lp-oVM.nib
2021-05-28 21:10:44 +0000  copying file ./Base.lproj/LaunchScreen.storyboardc/Info.plist ... 
2021-05-28 21:10:44 +0000  258 bytes for ./Base.lproj/LaunchScreen.storyboardc/Info.plist
2021-05-28 21:10:44 +0000  copying file ./Assets.car ... 
2021-05-28 21:10:44 +0000  316120 bytes for ./Assets.car
2021-05-28 21:10:44 +0000  copying file ./Scheduled-countdown ... 
2021-05-28 21:10:44 +0000  3495952 bytes for ./Scheduled-countdown
copying file ./embedded.mobileprovision ... 
2021-05-28 21:10:44 +0000  9805 bytes for ./embedded.mobileprovision
copying file ./Info.plist ... 
2021-05-28 21:10:44 +0000  1507 bytes for ./Info.plist
2021-05-28 21:10:44 +0000  copying file ./PkgInfo ... 
2021-05-28 21:10:44 +0000  8 bytes for ./PkgInfo
2021-05-28 21:10:44 +0000  /usr/bin/ditto exited with 0
2021-05-28 21:10:44 +0000  Processing step: IDEDistributionEmbedProfileStep
2021-05-28 21:10:44 +0000  Processing step: IDEDistributionInfoPlistStep
2021-05-28 21:10:44 +0000  Skipping step: IDEDistributionInfoPlistStep because it said so
2021-05-28 21:10:44 +0000  Processing step: IDEDistributionItemRemovalStep
2021-05-28 21:10:44 +0000  Processing step: IDEDistributionAppThinningPlistStep
2021-05-28 21:10:44 +0000  Skipping step: IDEDistributionAppThinningPlistStep because it said so
2021-05-28 21:10:44 +0000  Processing step: IDEDistributionCompileBitcodeStep
2021-05-28 21:10:44 +0000  Skipping step: IDEDistributionCompileBitcodeStep because it said so
2021-05-28 21:10:44 +0000  Processing step: IDEDistributionCodeSlimmingStep
2021-05-28 21:10:44 +0000  Running /Applications/Xcode.app/Contents/Developer/Toolchains/XcodeDefault.xctoolchain/usr/bin/bitcode_strip '/var/folders/xp/103sbrw948x42f7ym9z694l40000gn/T/XcodeDistPipeline.~~~Kqf5wr/Root/Payload/Scheduled-countdown.app/Scheduled-countdown' '-l' '-o' '/var/folders/xp/103sbrw948x42f7ym9z694l40000gn/T/XcodeDistPipeline.~~~Kqf5wr/Root/Payload/Scheduled-countdown.app/Scheduled-countdown'
2021-05-28 21:10:44 +0000  /Applications/Xcode.app/Contents/Developer/Toolchains/XcodeDefault.xctoolchain/usr/bin/bitcode_strip exited with 0
2021-05-28 21:10:44 +0000  Processing step: IDEDistributionCopyBCSymbolMapsStep
2021-05-28 21:10:44 +0000  Running /usr/bin/ditto '-V' '/Users/mathiashalen/Library/Developer/Xcode/Archives/2021-05-28/Scheduled-countdown 2021-05-28, 22.59.xcarchive/BCSymbolMaps/1BF1E94C-3DA2-32E7-80C6-7EE44555967F.bcsymbolmap' '/var/folders/xp/103sbrw948x42f7ym9z694l40000gn/T/XcodeDistPipeline.~~~Kqf5wr/Root/BCSymbolMaps/1BF1E94C-3DA2-32E7-80C6-7EE44555967F.bcsymbolmap'
2021-05-28 21:10:44 +0000  >>> Copying /Users/mathiashalen/Library/Developer/Xcode/Archives/2021-05-28/Scheduled-countdown 2021-05-28, 22.59.xcarchive/BCSymbolMaps/1BF1E94C-3DA2-32E7-80C6-7EE44555967F.bcsymbolmap 
2021-05-28 21:10:44 +0000  copying file ./1BF1E94C-3DA2-32E7-80C6-7EE44555967F.bcsymbolmap ... 
2021-05-28 21:10:44 +0000  425202 bytes for ./1BF1E94C-3DA2-32E7-80C6-7EE44555967F.bcsymbolmap
2021-05-28 21:10:44 +0000  /usr/bin/ditto exited with 0
2021-05-28 21:10:44 +0000  Processing step: IDEDistributionSymbolsStep
2021-05-28 21:10:44 +0000  Excluding symbols for Scheduled-countdown.app
2021-05-28 21:10:44 +0000  Processing step: IDEDistributionCopyAppleProvidedContentStep
2021-05-28 21:10:44 +0000  Processing step: IDEDistributionAppThinningStep
2021-05-28 21:10:44 +0000  Skipping step: IDEDistributionAppThinningStep because it said so
2021-05-28 21:10:44 +0000  Processing step: IDEDistributionArchThinningStep
2021-05-28 21:10:44 +0000  Running /Applications/Xcode.app/Contents/Developer/Toolchains/XcodeDefault.xctoolchain/usr/bin/lipo '/var/folders/xp/103sbrw948x42f7ym9z694l40000gn/T/XcodeDistPipeline.~~~Kqf5wr/Root/Payload/Scheduled-countdown.app/Scheduled-countdown' '-verify_arch' 'arm64e'
2021-05-28 21:10:44 +0000  /Applications/Xcode.app/Contents/Developer/Toolchains/XcodeDefault.xctoolchain/usr/bin/lipo exited with 1
2021-05-28 21:10:44 +0000  Skipping architecture thinning for item "Scheduled-countdown" because arch "arm64e" wasn't found
2021-05-28 21:10:44 +0000  Processing step: IDEDistributionODRStep
2021-05-28 21:10:45 +0000  Processing step: IDEDistributionStripXattrsStep
2021-05-28 21:10:45 +0000  Running /usr/bin/xattr '-crs' '/var/folders/xp/103sbrw948x42f7ym9z694l40000gn/T/XcodeDistPipeline.~~~Kqf5wr/Root/Payload/Scheduled-countdown.app'
2021-05-28 21:10:47 +0000  /usr/bin/xattr exited with 0
2021-05-28 21:10:47 +0000  Processing step: IDEDistributionCodesignStep
2021-05-28 21:10:47 +0000  Entitlements for <IDEDistributionItem: 0x7fda28bcd790; bundleID='com.Scheduled-countdown', path='<DVTFilePath:0x7fda29e11060:'/Users/mathiashalen/Library/Developer/Xcode/Archives/2021-05-28/Scheduled-countdown 2021-05-28, 22.59.xcarchive/Products/Applications/Scheduled-countdown.app'>', codeSigningInfo='<_DVTCodeSigningInformation_Path: 0x7fda2de6dde0; isSigned='1', isAdHocSigned='0', signingCertificate='<DVTSigningCertificate: 0x7fda29c72000; name='Apple Development: Mathias Halen (R54DSM4AB8)', hash='582A6037292B44E54C6CC8BEBFB2F2AD3F186C3C', serialNumber='<DVTSigningCertificateSerialNumber: 0x7fda29c36060>', certificateKinds='(
    "1.2.840.113635.100.6.1.12",
    "1.2.840.113635.100.6.1.2"
), issueDate='2021-05-18 08:26:22 +0000''>', entitlements='{
    "application-identifier" = "F8993Q6N82.com.Scheduled-countdown";
    "aps-environment" = development;
    "com.apple.developer.team-identifier" = F8993Q6N82;
    "get-task-allow" = 1;
}', teamID='F8993Q6N82', identifier='com.Scheduled-countdown', executablePath='<DVTFilePath:0x7fda28b723d0:'/Users/mathiashalen/Library/Developer/Xcode/Archives/2021-05-28/Scheduled-countdown 2021-05-28, 22.59.xcarchive/Products/Applications/Scheduled-countdown.app/Scheduled-countdown'>', hardenedRuntime='0'>'>: {
    "application-identifier" = "F8993Q6N82.com.Scheduled-countdown";
    "aps-environment" = production;
    "beta-reports-active" = 1;
    "com.apple.developer.team-identifier" = F8993Q6N82;
    "get-task-allow" = 0;
}
2021-05-28 21:10:47 +0000  Entitlements for <IDEDistributionItem: 0x7fda28bcd790; bundleID='com.Scheduled-countdown', path='<DVTFilePath:0x7fda29e11060:'/Users/mathiashalen/Library/Developer/Xcode/Archives/2021-05-28/Scheduled-countdown 2021-05-28, 22.59.xcarchive/Products/Applications/Scheduled-countdown.app'>', codeSigningInfo='<_DVTCodeSigningInformation_Path: 0x7fda2de6dde0; isSigned='1', isAdHocSigned='0', signingCertificate='<DVTSigningCertificate: 0x7fda2c95be80; name='Apple Development: Mathias Halen (R54DSM4AB8)', hash='582A6037292B44E54C6CC8BEBFB2F2AD3F186C3C', serialNumber='<DVTSigningCertificateSerialNumber: 0x7fda2ce5ae70>', certificateKinds='(
    "1.2.840.113635.100.6.1.12",
    "1.2.840.113635.100.6.1.2"
), issueDate='2021-05-18 08:26:22 +0000''>', entitlements='{
    "application-identifier" = "F8993Q6N82.com.Scheduled-countdown";
    "aps-environment" = development;
    "com.apple.developer.team-identifier" = F8993Q6N82;
    "get-task-allow" = 1;
}', teamID='F8993Q6N82', identifier='com.Scheduled-countdown', executablePath='<DVTFilePath:0x7fda28b723d0:'/Users/mathiashalen/Library/Developer/Xcode/Archives/2021-05-28/Scheduled-countdown 2021-05-28, 22.59.xcarchive/Products/Applications/Scheduled-countdown.app/Scheduled-countdown'>', hardenedRuntime='0'>'> are: {
    "application-identifier" = "F8993Q6N82.com.Scheduled-countdown";
    "aps-environment" = production;
    "beta-reports-active" = 1;
    "com.apple.developer.team-identifier" = F8993Q6N82;
    "get-task-allow" = 0;
}
2021-05-28 21:10:47 +0000  Writing entitlements for <IDEDistributionItem: 0x7fda28bcd790; bundleID='com.Scheduled-countdown', path='<DVTFilePath:0x7fda29e11060:'/Users/mathiashalen/Library/Developer/Xcode/Archives/2021-05-28/Scheduled-countdown 2021-05-28, 22.59.xcarchive/Products/Applications/Scheduled-countdown.app'>', codeSigningInfo='<_DVTCodeSigningInformation_Path: 0x7fda2de6dde0; isSigned='1', isAdHocSigned='0', signingCertificate='<DVTSigningCertificate: 0x7fda2951fa90; name='Apple Development: Mathias Halen (R54DSM4AB8)', hash='582A6037292B44E54C6CC8BEBFB2F2AD3F186C3C', serialNumber='<DVTSigningCertificateSerialNumber: 0x7fda294a2e70>', certificateKinds='(
    "1.2.840.113635.100.6.1.12",
    "1.2.840.113635.100.6.1.2"
), issueDate='2021-05-18 08:26:22 +0000''>', entitlements='{
    "application-identifier" = "F8993Q6N82.com.Scheduled-countdown";
    "aps-environment" = development;
    "com.apple.developer.team-identifier" = F8993Q6N82;
    "get-task-allow" = 1;
}', teamID='F8993Q6N82', identifier='com.Scheduled-countdown', executablePath='<DVTFilePath:0x7fda28b723d0:'/Users/mathiashalen/Library/Developer/Xcode/Archives/2021-05-28/Scheduled-countdown 2021-05-28, 22.59.xcarchive/Products/Applications/Scheduled-countdown.app/Scheduled-countdown'>', hardenedRuntime='0'>'> to: /var/folders/xp/103sbrw948x42f7ym9z694l40000gn/T/XcodeDistPipeline.~~~Kqf5wr/entitlements~~~WZTydQ
2021-05-28 21:10:47 +0000  Running /usr/bin/codesign '-vvv' '--force' '--sign' 'C06298B645D15CB44BE8F6517B5678140AF80CCD' '--entitlements' '/var/folders/xp/103sbrw948x42f7ym9z694l40000gn/T/XcodeDistPipeline.~~~Kqf5wr/entitlements~~~WZTydQ' '--preserve-metadata=identifier,flags,runtime' '/var/folders/xp/103sbrw948x42f7ym9z694l40000gn/T/XcodeDistPipeline.~~~Kqf5wr/Root/Payload/Scheduled-countdown.app'
2021-05-28 21:10:50 +0000  /var/folders/xp/103sbrw948x42f7ym9z694l40000gn/T/XcodeDistPipeline.~~~Kqf5wr/Root/Payload/Scheduled-countdown.app: signed app bundle with Mach-O thin (arm64) [com.Scheduled-countdown]
2021-05-28 21:10:50 +0000  /usr/bin/codesign exited with 0
2021-05-28 21:10:50 +0000  Processing step: IDEDistributionZipODRItemStep
2021-05-28 21:10:50 +0000  Skipping step: IDEDistributionZipODRItemStep because it said so
2021-05-28 21:10:50 +0000  Processing step: IDEDistributionCreateIPAStep
2021-05-28 21:10:50 +0000  Running /usr/bin/ditto '-V' '-c' '-k' '--norsrc' '/var/folders/xp/103sbrw948x42f7ym9z694l40000gn/T/XcodeDistPipeline.~~~Kqf5wr/Root' '/var/folders/xp/103sbrw948x42f7ym9z694l40000gn/T/XcodeDistPipeline.~~~Kqf5wr/Packages/Scheduled-countdown.ipa'
2021-05-28 21:10:50 +0000  >>> Copying /var/folders/xp/103sbrw948x42f7ym9z694l40000gn/T/XcodeDistPipeline.~~~Kqf5wr/Root 
2021-05-28 21:10:50 +0000  
2021-05-28 21:10:50 +0000  copying file ./BCSymbolMaps/1BF1E94C-3DA2-32E7-80C6-7EE44555967F.bcsymbolmap ... 
2021-05-28 21:10:50 +0000  425202 bytes for ./BCSymbolMaps/1BF1E94C-3DA2-32E7-80C6-7EE44555967F.bcsymbolmap
2021-05-28 21:10:50 +0000  copying file ./Payload/Scheduled-countdown.app/_CodeSignature/CodeResources ... 
4064 bytes for ./Payload/Scheduled-countdown.app/_CodeSignature/CodeResources
copying file ./Payload/Scheduled-countdown.app/Settings.bundle/en.lproj/Root.strings ... 
2021-05-28 21:10:50 +0000  546 bytes for ./Payload/Scheduled-countdown.app/Settings.bundle/en.lproj/Root.strings
copying file ./Payload/Scheduled-countdown.app/Settings.bundle/Root.plist ... 
2021-05-28 21:10:50 +0000  1042 bytes for ./Payload/Scheduled-countdown.app/Settings.bundle/Root.plist
copying file ./Payload/Scheduled-countdown.app/AppIcon60x60@2x.png ... 
2021-05-28 21:10:50 +0000  17133 bytes for ./Payload/Scheduled-countdown.app/AppIcon60x60@2x.png
copying file ./Payload/Scheduled-countdown.app/Base.lproj/LaunchScreen.storyboardc/01J-lp-oVM-view-Ze5-6b-2t3.nib ... 
2021-05-28 21:10:50 +0000  1197 bytes for ./Payload/Scheduled-countdown.app/Base.lproj/LaunchScreen.storyboardc/01J-lp-oVM-view-Ze5-6b-2t3.nib
copying file ./Payload/Scheduled-countdown.app/Base.lproj/LaunchScreen.storyboardc/UIViewController-01J-lp-oVM.nib ... 
2021-05-28 21:10:50 +0000  896 bytes for ./Payload/Scheduled-countdown.app/Base.lproj/LaunchScreen.storyboardc/UIViewController-01J-lp-oVM.nib
copying file ./Payload/Scheduled-countdown.app/Base.lproj/LaunchScreen.storyboardc/Info.plist ... 
2021-05-28 21:10:50 +0000  258 bytes for ./Payload/Scheduled-countdown.app/Base.lproj/LaunchScreen.storyboardc/Info.plist
copying file ./Payload/Scheduled-countdown.app/Assets.car ... 
2021-05-28 21:10:50 +0000  316120 bytes for ./Payload/Scheduled-countdown.app/Assets.car
2021-05-28 21:10:50 +0000  copying file ./Payload/Scheduled-countdown.app/Scheduled-countdown ... 
2021-05-28 21:10:51 +0000  2913408 bytes for ./Payload/Scheduled-countdown.app/Scheduled-countdown
2021-05-28 21:10:51 +0000  copying file ./Payload/Scheduled-countdown.app/embedded.mobileprovision ... 
2021-05-28 21:10:51 +0000  9695 bytes for ./Payload/Scheduled-countdown.app/embedded.mobileprovision
2021-05-28 21:10:51 +0000  copying file ./Payload/Scheduled-countdown.app/Info.plist ... 
1507 bytes for ./Payload/Scheduled-countdown.app/Info.plist
copying file ./Payload/Scheduled-countdown.app/PkgInfo ... 
2021-05-28 21:10:51 +0000  8 bytes for ./Payload/Scheduled-countdown.app/PkgInfo
2021-05-28 21:10:51 +0000  /usr/bin/ditto exited with 0
2021-05-28 21:10:51 +0000  Processing step: IDEDistributionAppStoreInformationStep
2021-05-28 21:10:51 +0000  Skipping step: IDEDistributionAppStoreInformationStep because it said so
2021-05-28 21:10:51 +0000  Processing step: IDEDistributionGenerateProcessedDistributionItems
2021-05-28 21:10:51 +0000  IDEDistributionItem init <DVTFilePath:0x7fda2d722a20:'/var/folders/xp/103sbrw948x42f7ym9z694l40000gn/T/XcodeDistPipeline.~~~Kqf5wr/Root/Payload/Scheduled-countdown.app'>
2021-05-28 21:10:51 +0000  Processing step: IDEDistributionCreateManifestStep
2021-05-28 21:10:51 +0000  Skipping step: IDEDistributionCreateManifestStep because it said so
